<?xml version="1.0" encoding="UTF-8"?>
<!-- Generated by org.testng.reporters.JUnitReportReporter -->
<testsuite hostname="DESKTOP-EG3OU6E" failures="0" tests="1" name="testCases.NewTest1" time="19.728" errors="0" timestamp="2024-05-27T10:57:46 IST" skipped="0">
  <testcase classname="testCases.NewTest1" name="loginTest" time="19.728"/>
  <system-out/>
</testsuite> <!-- testCases.NewTest1 -->
