<?xml version="1.0" encoding="UTF-8"?>
<!-- Generated by org.testng.reporters.JUnitReportReporter -->
<testsuite hostname="DESKTOP-EG3OU6E" failures="0" tests="1" name="testCases.NewTest1" time="9.075" errors="0" timestamp="27 May 2024 10:23:50 GMT">
  <testcase classname="testCases.NewTest1" name="loginTest" time="9.075"/>
</testsuite> <!-- testCases.NewTest1 -->
